#
# There is insufficient memory for the Java Runtime Environment to continue.
# Native memory allocation (malloc) failed to allocate 32744 bytes for ChunkPool::allocate
# Possible reasons:
#   The system is out of physical RAM or swap space
#   In 32 bit mode, the process size limit was hit
# Possible solutions:
#   Reduce memory load on the system
#   Increase physical memory or swap space
#   Check if swap backing store is full
#   Use 64 bit Java on a 64 bit OS
#   Decrease Java heap size (-Xmx/-Xms)
#   Decrease number of Java threads
#   Decrease Java thread stack sizes (-Xss)
#   Set larger code cache with -XX:ReservedCodeCacheSize=
# This output file may be truncated or incomplete.
#
#  Out of Memory Error (allocation.cpp:273), pid=10720, tid=0x000000000000245c
#
# JRE version: Java(TM) SE Runtime Environment (8.0_111-b14) (build 1.8.0_111-b14)
# Java VM: Java HotSpot(TM) 64-Bit Server VM (25.111-b14 mixed mode windows-amd64 compressed oops)
# Failed to write core dump. Minidumps are not enabled by default on client versions of Windows
#

---------------  T H R E A D  ---------------

Current thread (0x000000000975a800):  JavaThread "C2 CompilerThread1" daemon [_thread_in_native, id=9308, stack(0x000000000a250000,0x000000000a350000)]

Stack: [0x000000000a250000,0x000000000a350000]
[error occurred during error reporting (printing stack bounds), id 0xc0000005]

Native frames: (J=compiled Java code, j=interpreted, Vv=VM code, C=native code)


Current CompileTask:
C2:  44077 3421       4       java.io.DataOutputStream::writeUTF (435 bytes)


---------------  P R O C E S S  ---------------

Java Threads: ( => current thread )
  0x000000000d170800 JavaThread "pool-3-thread-1" [_thread_blocked, id=9596, stack(0x000000000a050000,0x000000000a150000)]
  0x000000000d171800 JavaThread "Keep-Alive-Timer" daemon [_thread_blocked, id=11060, stack(0x0000000009e50000,0x0000000009f50000)]
  0x000000000d16d800 JavaThread "pool-2-thread-1" [_thread_blocked, id=8788, stack(0x0000000028e10000,0x0000000028f10000)]
  0x000000000d16d000 JavaThread "Abandoned connection cleanup thread" daemon [_thread_blocked, id=10016, stack(0x0000000028d10000,0x0000000028e10000)]
  0x00000000096b2800 JavaThread "Prism Font Disposer" daemon [_thread_blocked, id=8656, stack(0x000000000e990000,0x000000000ea90000)]
  0x000000000a9ec000 JavaThread "Thread-3" daemon [_thread_in_native, id=11984, stack(0x000000000caa0000,0x000000000cba0000)]
  0x000000000a9af800 JavaThread "JavaFX-Launcher" [_thread_blocked, id=2728, stack(0x000000000cba0000,0x000000000cca0000)]
  0x000000000a96f800 JavaThread "JavaFX Application Thread" [_thread_in_Java, id=2512, stack(0x000000000b350000,0x000000000b450000)]
  0x000000000974e800 JavaThread "Thread-1" daemon [_thread_blocked, id=4348, stack(0x000000000b150000,0x000000000b250000)]
  0x000000000a94c800 JavaThread "QuantumRenderer-0" daemon [_thread_blocked, id=11292, stack(0x000000000af50000,0x000000000b050000)]
  0x000000000979b800 JavaThread "Service Thread" daemon [_thread_blocked, id=9412, stack(0x000000000a550000,0x000000000a650000)]
  0x0000000009741800 JavaThread "C1 CompilerThread3" daemon [_thread_in_vm, id=10276, stack(0x000000000a450000,0x000000000a550000)]
  0x000000000973e800 JavaThread "C2 CompilerThread2" daemon [_thread_in_native, id=4412, stack(0x000000000a350000,0x000000000a450000)]
=>0x000000000975a800 JavaThread "C2 CompilerThread1" daemon [_thread_in_native, id=9308, stack(0x000000000a250000,0x000000000a350000)]
  0x0000000009744000 JavaThread "C2 CompilerThread0" daemon [_thread_in_native, id=8616, stack(0x000000000a150000,0x000000000a250000)]
  0x00000000095b1000 JavaThread "JDWP Event Helper Thread" daemon [_thread_blocked, id=11716, stack(0x0000000009f50000,0x000000000a050000)]
  0x000000000959c800 JavaThread "Attach Listener" daemon [_thread_blocked, id=11952, stack(0x0000000009d50000,0x0000000009e50000)]
  0x000000000959b800 JavaThread "Signal Dispatcher" daemon [_thread_blocked, id=1924, stack(0x0000000009c50000,0x0000000009d50000)]
  0x0000000009590800 JavaThread "Finalizer" daemon [_thread_blocked, id=8364, stack(0x0000000009970000,0x0000000009a70000)]
  0x0000000002a19000 JavaThread "Reference Handler" daemon [_thread_blocked, id=11380, stack(0x0000000009470000,0x0000000009570000)]
  0x0000000002923800 JavaThread "main" [_thread_blocked, id=3564, stack(0x00000000026a0000,0x00000000027a0000)]

Other Threads:
  0x000000000769a000 VMThread [stack: 0x0000000009370000,0x0000000009470000] [id=8772]
  0x0000000009853000 WatcherThread [stack: 0x000000000a650000,0x000000000a750000] [id=1296]

VM state:not at safepoint (normal execution)

VM Mutex/Monitor currently owned by a thread: None

Heap:
 PSYoungGen      total 58880K, used 17753K [0x00000000e0b80000, 0x00000000e5880000, 0x0000000100000000)
  eden space 44032K, 8% used [0x00000000e0b80000,0x00000000e0efa6f0,0x00000000e3680000)
  from space 14848K, 95% used [0x00000000e4900000,0x00000000e56dbf40,0x00000000e5780000)
  to   space 17408K, 0% used [0x00000000e3680000,0x00000000e3680000,0x00000000e4780000)
 ParOldGen       total 143872K, used 61181K [0x00000000a2200000, 0x00000000aae80000, 0x00000000e0b80000)
  object space 143872K, 42% used [0x00000000a2200000,0x00000000a5dbf568,0x00000000aae80000)
 Metaspace       used 33074K, capacity 34382K, committed 34560K, reserved 1079296K
  class space    used 4570K, capacity 4828K, committed 4864K, reserved 1048576K

Card table byte_map: [0x0000000002de0000,0x00000000030d0000] byte_map_base: 0x00000000028cf000

Marking Bits: (ParMarkBitMap*) 0x000000005f8ba6c0
 Begin Bits: [0x0000000003ad0000, 0x0000000005248000)
 End Bits:   [0x0000000005248000, 0x00000000069c0000)

Polling page: 0x0000000000640000

CodeCache: size=245760Kb used=10718Kb max_used=10718Kb free=235041Kb
 bounds [0x000000000f010000, 0x000000000fac0000, 0x000000001e010000]
 total_blobs=4070 nmethods=3268 adapters=721
 compilation: enabled

Compilation events (10 events):
Event: 44.056 Thread 0x000000000975a800 3421       4       java.io.DataOutputStream::writeUTF (435 bytes)
Event: 44.056 Thread 0x0000000009744000 3422       4       java.util.ArrayList$Itr::next (66 bytes)
Event: 44.059 Thread 0x0000000009741800 nmethod 3406 0x000000000f34f110 code [0x000000000f34f5c0, 0x000000000f3524e8]
Event: 44.059 Thread 0x0000000009741800 3407       3       com.mysql.jdbc.ConnectionPropertiesImpl::getNoDatetimeStringSync (8 bytes)
Event: 44.059 Thread 0x0000000009744000 nmethod 3422 0x000000000fa5e0d0 code [0x000000000fa5e220, 0x000000000fa5e398]
Event: 44.059 Thread 0x0000000009744000 3423       4       java.io.DataOutputStream::writeShort (35 bytes)
Event: 44.059 Thread 0x0000000009741800 nmethod 3407 0x000000000f1b6110 code [0x000000000f1b6280, 0x000000000f1b65d0]
Event: 44.059 Thread 0x0000000009741800 3408       3       com.mysql.jdbc.ResultSetImpl::getString (107 bytes)
Event: 44.061 Thread 0x0000000009741800 nmethod 3408 0x000000000f26dbd0 code [0x000000000f26dde0, 0x000000000f26ec48]
Event: 44.061 Thread 0x0000000009741800 3409       3       com.mysql.jdbc.ResultSetImpl::getStringInternal (382 bytes)

GC Heap History (10 events):
Event: 8.774 GC heap before
{Heap before GC invocations=6 (full 1):
 PSYoungGen      total 28160K, used 24576K [0x00000000e0b80000, 0x00000000e2a80000, 0x0000000100000000)
  eden space 24576K, 100% used [0x00000000e0b80000,0x00000000e2380000,0x00000000e2380000)
  from space 3584K, 0% used [0x00000000e2700000,0x00000000e2700000,0x00000000e2a80000)
  to   space 3584K, 0% used [0x00000000e2380000,0x00000000e2380000,0x00000000e2700000)
 ParOldGen       total 113152K, used 56206K [0x00000000a2200000, 0x00000000a9080000, 0x00000000e0b80000)
  object space 113152K, 49% used [0x00000000a2200000,0x00000000a58e3a88,0x00000000a9080000)
 Metaspace       used 23173K, capacity 24144K, committed 24320K, reserved 1071104K
  class space    used 3358K, capacity 3581K, committed 3584K, reserved 1048576K
Event: 8.778 GC heap after
Heap after GC invocations=6 (full 1):
 PSYoungGen      total 28160K, used 3558K [0x00000000e0b80000, 0x00000000e4c00000, 0x0000000100000000)
  eden space 24576K, 0% used [0x00000000e0b80000,0x00000000e0b80000,0x00000000e2380000)
  from space 3584K, 99% used [0x00000000e2380000,0x00000000e26f98f0,0x00000000e2700000)
  to   space 16896K, 0% used [0x00000000e3b80000,0x00000000e3b80000,0x00000000e4c00000)
 ParOldGen       total 113152K, used 56558K [0x00000000a2200000, 0x00000000a9080000, 0x00000000e0b80000)
  object space 113152K, 49% used [0x00000000a2200000,0x00000000a593ba38,0x00000000a9080000)
 Metaspace       used 23173K, capacity 24144K, committed 24320K, reserved 1071104K
  class space    used 3358K, capacity 3581K, committed 3584K, reserved 1048576K
}
Event: 9.537 GC heap before
{Heap before GC invocations=7 (full 1):
 PSYoungGen      total 28160K, used 28134K [0x00000000e0b80000, 0x00000000e4c00000, 0x0000000100000000)
  eden space 24576K, 100% used [0x00000000e0b80000,0x00000000e2380000,0x00000000e2380000)
  from space 3584K, 99% used [0x00000000e2380000,0x00000000e26f98f0,0x00000000e2700000)
  to   space 16896K, 0% used [0x00000000e3b80000,0x00000000e3b80000,0x00000000e4c00000)
 ParOldGen       total 113152K, used 56558K [0x00000000a2200000, 0x00000000a9080000, 0x00000000e0b80000)
  object space 113152K, 49% used [0x00000000a2200000,0x00000000a593ba38,0x00000000a9080000)
 Metaspace       used 27573K, capacity 28528K, committed 28800K, reserved 1073152K
  class space    used 3882K, capacity 4125K, committed 4224K, reserved 1048576K
Event: 9.543 GC heap after
Heap after GC invocations=7 (full 1):
 PSYoungGen      total 49152K, used 5057K [0x00000000e0b80000, 0x00000000e4b00000, 0x0000000100000000)
  eden space 33280K, 0% used [0x00000000e0b80000,0x00000000e0b80000,0x00000000e2c00000)
  from space 15872K, 31% used [0x00000000e3b80000,0x00000000e4070450,0x00000000e4b00000)
  to   space 15872K, 0% used [0x00000000e2c00000,0x00000000e2c00000,0x00000000e3b80000)
 ParOldGen       total 113152K, used 56566K [0x00000000a2200000, 0x00000000a9080000, 0x00000000e0b80000)
  object space 113152K, 49% used [0x00000000a2200000,0x00000000a593da38,0x00000000a9080000)
 Metaspace       used 27573K, capacity 28528K, committed 28800K, reserved 1073152K
  class space    used 3882K, capacity 4125K, committed 4224K, reserved 1048576K
}
Event: 10.027 GC heap before
{Heap before GC invocations=8 (full 1):
 PSYoungGen      total 49152K, used 24727K [0x00000000e0b80000, 0x00000000e4b00000, 0x0000000100000000)
  eden space 33280K, 59% used [0x00000000e0b80000,0x00000000e1eb5930,0x00000000e2c00000)
  from space 15872K, 31% used [0x00000000e3b80000,0x00000000e4070450,0x00000000e4b00000)
  to   space 15872K, 0% used [0x00000000e2c00000,0x00000000e2c00000,0x00000000e3b80000)
 ParOldGen       total 113152K, used 56566K [0x00000000a2200000, 0x00000000a9080000, 0x00000000e0b80000)
  object space 113152K, 49% used [0x00000000a2200000,0x00000000a593da38,0x00000000a9080000)
 Metaspace       used 30543K, capacity 31504K, committed 31576K, reserved 1077248K
  class space    used 4238K, capacity 4477K, committed 4480K, reserved 1048576K
Event: 10.035 GC heap after
Heap after GC invocations=8 (full 1):
 PSYoungGen      total 49152K, used 5373K [0x00000000e0b80000, 0x00000000e5780000, 0x0000000100000000)
  eden space 33280K, 0% used [0x00000000e0b80000,0x00000000e0b80000,0x00000000e2c00000)
  from space 15872K, 33% used [0x00000000e2c00000,0x00000000e313f5e8,0x00000000e3b80000)
  to   space 14848K, 0% used [0x00000000e4900000,0x00000000e4900000,0x00000000e5780000)
 ParOldGen       total 113152K, used 56574K [0x00000000a2200000, 0x00000000a9080000, 0x00000000e0b80000)
  object space 113152K, 49% used [0x00000000a2200000,0x00000000a593fa38,0x00000000a9080000)
 Metaspace       used 30543K, capacity 31504K, committed 31576K, reserved 1077248K
  class space    used 4238K, capacity 4477K, committed 4480K, reserved 1048576K
}
Event: 10.035 GC heap before
{Heap before GC invocations=9 (full 2):
 PSYoungGen      total 49152K, used 5373K [0x00000000e0b80000, 0x00000000e5780000, 0x0000000100000000)
  eden space 33280K, 0% used [0x00000000e0b80000,0x00000000e0b80000,0x00000000e2c00000)
  from space 15872K, 33% used [0x00000000e2c00000,0x00000000e313f5e8,0x00000000e3b80000)
  to   space 14848K, 0% used [0x00000000e4900000,0x00000000e4900000,0x00000000e5780000)
 ParOldGen       total 113152K, used 56574K [0x00000000a2200000, 0x00000000a9080000, 0x00000000e0b80000)
  object space 113152K, 49% used [0x00000000a2200000,0x00000000a593fa38,0x00000000a9080000)
 Metaspace       used 30543K, capacity 31504K, committed 31576K, reserved 1077248K
  class space    used 4238K, capacity 4477K, committed 4480K, reserved 1048576K
Event: 10.093 GC heap after
Heap after GC invocations=9 (full 2):
 PSYoungGen      total 49152K, used 0K [0x00000000e0b80000, 0x00000000e5780000, 0x0000000100000000)
  eden space 33280K, 0% used [0x00000000e0b80000,0x00000000e0b80000,0x00000000e2c00000)
  from space 15872K, 0% used [0x00000000e2c00000,0x00000000e2c00000,0x00000000e3b80000)
  to   space 14848K, 0% used [0x00000000e4900000,0x00000000e4900000,0x00000000e5780000)
 ParOldGen       total 143872K, used 61173K [0x00000000a2200000, 0x00000000aae80000, 0x00000000e0b80000)
  object space 143872K, 42% used [0x00000000a2200000,0x00000000a5dbd568,0x00000000aae80000)
 Metaspace       used 30543K, capacity 31504K, committed 31576K, reserved 1077248K
  class space    used 4238K, capacity 4477K, committed 4480K, reserved 1048576K
}
Event: 12.014 GC heap before
{Heap before GC invocations=10 (full 2):
 PSYoungGen      total 49152K, used 33280K [0x00000000e0b80000, 0x00000000e5780000, 0x0000000100000000)
  eden space 33280K, 100% used [0x00000000e0b80000,0x00000000e2c00000,0x00000000e2c00000)
  from space 15872K, 0% used [0x00000000e2c00000,0x00000000e2c00000,0x00000000e3b80000)
  to   space 14848K, 0% used [0x00000000e4900000,0x00000000e4900000,0x00000000e5780000)
 ParOldGen       total 143872K, used 61173K [0x00000000a2200000, 0x00000000aae80000, 0x00000000e0b80000)
  object space 143872K, 42% used [0x00000000a2200000,0x00000000a5dbd568,0x00000000aae80000)
 Metaspace       used 32906K, capacity 34236K, committed 34304K, reserved 1079296K
  class space    used 4563K, capacity 4825K, committed 4864K, reserved 1048576K
Event: 12.034 GC heap after
Heap after GC invocations=10 (full 2):
 PSYoungGen      total 58880K, used 14191K [0x00000000e0b80000, 0x00000000e5880000, 0x0000000100000000)
  eden space 44032K, 0% used [0x00000000e0b80000,0x00000000e0b80000,0x00000000e3680000)
  from space 14848K, 95% used [0x00000000e4900000,0x00000000e56dbf40,0x00000000e5780000)
  to   space 17408K, 0% used [0x00000000e3680000,0x00000000e3680000,0x00000000e4780000)
 ParOldGen       total 143872K, used 61181K [0x00000000a2200000, 0x00000000aae80000, 0x00000000e0b80000)
  object space 143872K, 42% used [0x00000000a2200000,0x00000000a5dbf568,0x00000000aae80000)
 Metaspace       used 32906K, capacity 34236K, committed 34304K, reserved 1079296K
  class space    used 4563K, capacity 4825K, committed 4864K, reserved 1048576K
}

Deoptimization events (10 events):
Event: 9.993 Thread 0x000000000a96f800 Uncommon trap: reason=bimorphic action=maybe_recompile pc=0x000000000f53d140 method=java.util.Hashtable.get(Ljava/lang/Object;)Ljava/lang/Object; @ 6
Event: 9.993 Thread 0x000000000a96f800 Uncommon trap: reason=bimorphic action=maybe_recompile pc=0x000000000f53d140 method=java.util.Hashtable.get(Ljava/lang/Object;)Ljava/lang/Object; @ 6
Event: 10.141 Thread 0x000000000a96f800 Uncommon trap: reason=unstable_if action=reinterpret pc=0x000000000f689b3c method=java.lang.String.indexOf([CII[CIII)I @ 27
Event: 10.476 Thread 0x000000000a96f800 Uncommon trap: reason=class_check action=maybe_recompile pc=0x000000000f66d11c method=javafx.scene.CssStyleHelper.lookup(Ljavafx/css/Styleable;Ljavafx/css/CssMetaData;Lcom/sun/javafx/css/StyleMap;Ljava/util/Set;Ljavafx/css/Styleable;Lcom/sun/javafx/css/Ca
Event: 10.540 Thread 0x000000000a96f800 Uncommon trap: reason=unstable_if action=reinterpret pc=0x000000000f5d2d7c method=com.sun.javafx.css.BitSet.add(Ljava/lang/Object;)Z @ 91
Event: 10.560 Thread 0x000000000a96f800 Uncommon trap: reason=class_check action=maybe_recompile pc=0x000000000f66d11c method=javafx.scene.CssStyleHelper.lookup(Ljavafx/css/Styleable;Ljavafx/css/CssMetaData;Lcom/sun/javafx/css/StyleMap;Ljava/util/Set;Ljavafx/css/Styleable;Lcom/sun/javafx/css/Ca
Event: 10.566 Thread 0x000000000a96f800 Uncommon trap: reason=class_check action=maybe_recompile pc=0x000000000f66d11c method=javafx.scene.CssStyleHelper.lookup(Ljavafx/css/Styleable;Ljavafx/css/CssMetaData;Lcom/sun/javafx/css/StyleMap;Ljava/util/Set;Ljavafx/css/Styleable;Lcom/sun/javafx/css/Ca
Event: 10.568 Thread 0x000000000a96f800 Uncommon trap: reason=class_check action=maybe_recompile pc=0x000000000f66d11c method=javafx.scene.CssStyleHelper.lookup(Ljavafx/css/Styleable;Ljavafx/css/CssMetaData;Lcom/sun/javafx/css/StyleMap;Ljava/util/Set;Ljavafx/css/Styleable;Lcom/sun/javafx/css/Ca
Event: 10.843 Thread 0x000000000a94c800 Uncommon trap: reason=unstable_if action=reinterpret pc=0x000000000f626988 method=com.sun.javafx.geom.RectBounds.isEmpty()Z @ 21
Event: 43.890 Thread 0x000000000d16d800 Uncommon trap: reason=unstable_if action=reinterpret pc=0x000000000f7879fc method=java.lang.ThreadLocal.get()Ljava/lang/Object; @ 11

Internal exceptions (10 events):
Event: 8.804 Thread 0x000000000a96f800 Exception <a 'java/security/PrivilegedActionException'> (0x00000000e0c43960) thrown at [C:\re\workspace\8-2-build-windows-amd64-cygwin\jdk8u111\7883\hotspot\src\share\vm\prims\jvm.cpp, line 1386]
Event: 8.804 Thread 0x000000000a96f800 Exception <a 'java/security/PrivilegedActionException'> (0x00000000e0c44128) thrown at [C:\re\workspace\8-2-build-windows-amd64-cygwin\jdk8u111\7883\hotspot\src\share\vm\prims\jvm.cpp, line 1386]
Event: 8.805 Thread 0x000000000a96f800 Exception <a 'java/security/PrivilegedActionException'> (0x00000000e0c4a758) thrown at [C:\re\workspace\8-2-build-windows-amd64-cygwin\jdk8u111\7883\hotspot\src\share\vm\prims\jvm.cpp, line 1386]
Event: 8.805 Thread 0x000000000a96f800 Exception <a 'java/security/PrivilegedActionException'> (0x00000000e0c4af20) thrown at [C:\re\workspace\8-2-build-windows-amd64-cygwin\jdk8u111\7883\hotspot\src\share\vm\prims\jvm.cpp, line 1386]
Event: 8.805 Thread 0x000000000a96f800 Exception <a 'java/security/PrivilegedActionException'> (0x00000000e0c516a0) thrown at [C:\re\workspace\8-2-build-windows-amd64-cygwin\jdk8u111\7883\hotspot\src\share\vm\prims\jvm.cpp, line 1386]
Event: 8.805 Thread 0x000000000a96f800 Exception <a 'java/security/PrivilegedActionException'> (0x00000000e0c51e68) thrown at [C:\re\workspace\8-2-build-windows-amd64-cygwin\jdk8u111\7883\hotspot\src\share\vm\prims\jvm.cpp, line 1386]
Event: 9.156 Thread 0x000000000a96f800 Exception <a 'java/lang/NullPointerException'> (0x00000000e13a52c0) thrown at [C:\re\workspace\8-2-build-windows-amd64-cygwin\jdk8u111\7883\hotspot\src\share\vm\runtime\reflection.cpp, line 922]
Event: 9.156 Thread 0x000000000a96f800 Implicit null exception at 0x000000000f24c499 to 0x000000000f24c99d
Event: 43.890 Thread 0x000000000d16d800 Implicit null exception at 0x000000000f7878d5 to 0x000000000f7879e1
Event: 44.043 Thread 0x000000000a96f800 Exception <a 'java/lang/NullPointerException'> (0x00000000e0db36e0) thrown at [C:\re\workspace\8-2-build-windows-amd64-cygwin\jdk8u111\7883\hotspot\src\share\vm\runtime\reflection.cpp, line 922]

Events (10 events):
Event: 44.043 Thread 0x000000000a96f800 DEOPT PACKING pc=0x000000000f566de4 sp=0x000000000b44ca40
Event: 44.043 Thread 0x000000000a96f800 DEOPT UNPACKING pc=0x000000000f05787f sp=0x000000000b44c768 mode 1
Event: 44.043 Thread 0x000000000a96f800 DEOPT PACKING pc=0x000000000f56759c sp=0x000000000b44ca90
Event: 44.043 Thread 0x000000000a96f800 DEOPT UNPACKING pc=0x000000000f05787f sp=0x000000000b44c838 mode 1
Event: 44.049 loading class org/hibernate/dialect/MySQLDialect
Event: 44.049 loading class org/hibernate/dialect/MySQLDialect done
Event: 44.062 loading class org/hibernate/mapping/MappedSuperclass
Event: 44.062 loading class org/hibernate/mapping/MappedSuperclass done
Event: 44.062 Thread 0x000000000a96f800 DEOPT PACKING pc=0x000000000f7d4b14 sp=0x000000000b44ba30
Event: 44.062 Thread 0x000000000a96f800 DEOPT UNPACKING pc=0x000000000f05787f sp=0x000000000b44b700 mode 1


Dynamic libraries:
0x00007ff600250000 - 0x00007ff600287000 	C:\Program Files\Java\jdk1.8.0_111\bin\java.exe
0x00007ffa983d0000 - 0x00007ffa9857d000 	C:\WINDOWS\SYSTEM32\ntdll.dll
0x00007ffa97fd0000 - 0x00007ffa9810e000 	C:\WINDOWS\system32\KERNEL32.DLL
0x00007ffa95650000 - 0x00007ffa95766000 	C:\WINDOWS\system32\KERNELBASE.dll
0x00007ffa93ea0000 - 0x00007ffa93f2e000 	C:\WINDOWS\system32\apphelp.dll
0x00007ffa8a5c0000 - 0x00007ffa8a613000 	C:\WINDOWS\AppPatch\AppPatch64\AcGenral.DLL
0x00007ffa98110000 - 0x00007ffa981ba000 	C:\WINDOWS\system32\msvcrt.dll
0x00007ffa955d0000 - 0x00007ffa955fe000 	C:\WINDOWS\system32\SspiCli.dll
0x00007ffa97c60000 - 0x00007ffa97cb4000 	C:\WINDOWS\system32\SHLWAPI.dll
0x00007ffa97600000 - 0x00007ffa97777000 	C:\WINDOWS\system32\USER32.dll
0x00007ffa97850000 - 0x00007ffa979e4000 	C:\WINDOWS\system32\ole32.dll
0x00007ffa95c20000 - 0x00007ffa9714c000 	C:\WINDOWS\system32\SHELL32.dll
0x00007ffa94af0000 - 0x00007ffa94b11000 	C:\WINDOWS\SYSTEM32\USERENV.dll
0x00007ffa97bb0000 - 0x00007ffa97c5a000 	C:\WINDOWS\system32\ADVAPI32.dll
0x00007ffa8ae00000 - 0x00007ffa8ae1e000 	C:\WINDOWS\SYSTEM32\MPR.dll
0x00007ffa974b0000 - 0x00007ffa975f0000 	C:\WINDOWS\system32\RPCRT4.dll
0x00007ffa97b50000 - 0x00007ffa97ba9000 	C:\WINDOWS\SYSTEM32\sechost.dll
0x00007ffa97db0000 - 0x00007ffa97fc2000 	C:\WINDOWS\SYSTEM32\combase.dll
0x00007ffa979f0000 - 0x00007ffa97b3b000 	C:\WINDOWS\system32\GDI32.dll
0x00007ffa95500000 - 0x00007ffa95515000 	C:\WINDOWS\SYSTEM32\profapi.dll
0x00007ffa93de0000 - 0x00007ffa93e92000 	C:\WINDOWS\SYSTEM32\SHCORE.dll
0x00007ffa98320000 - 0x00007ffa98356000 	C:\WINDOWS\system32\IMM32.DLL
0x00007ffa981c0000 - 0x00007ffa98311000 	C:\WINDOWS\system32\MSCTF.dll
0x00007ffa954b0000 - 0x00007ffa954e2000 	C:\windows\system32\nvinitx.dll
0x00007ffa954a0000 - 0x00007ffa954aa000 	C:\WINDOWS\SYSTEM32\VERSION.dll
0x000000000f000000 - 0x000000000f006000 	C:\Program Files\NVIDIA Corporation\CoProcManager\_etoured.dll
0x00007ffa93300000 - 0x00007ffa93332000 	C:\Program Files\NVIDIA Corporation\CoProcManager\nvd3d9wrapx.dll
0x00007ffa97270000 - 0x00007ffa9744a000 	C:\WINDOWS\system32\SETUPAPI.dll
0x00007ffa95600000 - 0x00007ffa9564f000 	C:\WINDOWS\system32\CFGMGR32.dll
0x00007ffa92f60000 - 0x00007ffa92f82000 	C:\Program Files\NVIDIA Corporation\CoProcManager\nvdxgiwrapx.dll
0x00007ffa933f0000 - 0x00007ffa9366a000 	C:\WINDOWS\WinSxS\amd64_microsoft.windows.common-controls_6595b64144ccf1df_6.0.9600.17810_none_6240b9c7ecbd0bda\COMCTL32.dll
0x0000000060880000 - 0x0000000060952000 	C:\Program Files\Java\jdk1.8.0_111\jre\bin\msvcr100.dll
0x000000005f0a0000 - 0x000000005f93a000 	C:\Program Files\Java\jdk1.8.0_111\jre\bin\server\jvm.dll
0x00007ffa8c980000 - 0x00007ffa8c989000 	C:\WINDOWS\SYSTEM32\WSOCK32.dll
0x00007ffa92e50000 - 0x00007ffa92e72000 	C:\WINDOWS\SYSTEM32\WINMM.dll
0x00007ffa97b40000 - 0x00007ffa97b47000 	C:\WINDOWS\system32\PSAPI.DLL
0x00007ffa97210000 - 0x00007ffa9726a000 	C:\WINDOWS\system32\WS2_32.dll
0x00007ffa92990000 - 0x00007ffa929ba000 	C:\WINDOWS\SYSTEM32\WINMMBASE.dll
0x00007ffa975f0000 - 0x00007ffa975f9000 	C:\WINDOWS\system32\NSI.dll
0x00007ffa94110000 - 0x00007ffa94138000 	C:\WINDOWS\SYSTEM32\DEVOBJ.dll
0x0000000063250000 - 0x000000006325f000 	C:\Program Files\Java\jdk1.8.0_111\jre\bin\verify.dll
0x0000000063220000 - 0x0000000063249000 	C:\Program Files\Java\jdk1.8.0_111\jre\bin\java.dll
0x00000000609e0000 - 0x0000000060a15000 	C:\Program Files\Java\jdk1.8.0_111\jre\bin\jdwp.dll
0x00000000631d0000 - 0x00000000631d8000 	C:\Program Files\Java\jdk1.8.0_111\jre\bin\npt.dll
0x00000000609b0000 - 0x00000000609d3000 	C:\Program Files\Java\jdk1.8.0_111\jre\bin\instrument.dll
0x00000000631e0000 - 0x00000000631f6000 	C:\Program Files\Java\jdk1.8.0_111\jre\bin\zip.dll
0x0000000063080000 - 0x0000000063089000 	C:\Program Files\Java\jdk1.8.0_111\jre\bin\dt_socket.dll
0x00007ffa94db0000 - 0x00007ffa94e09000 	C:\WINDOWS\system32\mswsock.dll
0x00007ffa71700000 - 0x00007ffa717ef000 	C:\Program Files\Java\jdk1.8.0_111\jre\bin\msvcr120.dll
0x00007ffa714e0000 - 0x00007ffa71586000 	C:\Program Files\Java\jdk1.8.0_111\jre\bin\msvcp120.dll
0x0000000060830000 - 0x0000000060852000 	C:\Program Files\Java\jdk1.8.0_111\jre\bin\prism_d3d.dll
0x00007ffa7f410000 - 0x00007ffa7f631000 	C:\WINDOWS\system32\d3d9.dll
0x00007ffa93670000 - 0x00007ffa93691000 	C:\WINDOWS\SYSTEM32\dwmapi.dll
0x00007ffa93f90000 - 0x00007ffa940b9000 	C:\WINDOWS\system32\uxtheme.dll
0x00007ffa91320000 - 0x00007ffa9141e000 	C:\WINDOWS\SYSTEM32\nvumdshimx.dll
0x00007ffa61210000 - 0x00007ffa61c80000 	C:\WINDOWS\system32\igdumdim64.dll
0x00007ffa900f0000 - 0x00007ffa90552000 	C:\WINDOWS\SYSTEM32\igdusc64.dll
0x00007ffa60120000 - 0x00007ffa6118c000 	C:\WINDOWS\system32\nvd3dumx.dll
0x00007ffa95820000 - 0x00007ffa95871000 	C:\WINDOWS\system32\WINTRUST.dll
0x00007ffa95880000 - 0x00007ffa95a5f000 	C:\WINDOWS\system32\CRYPT32.dll
0x0000000000880000 - 0x0000000000891000 	C:\WINDOWS\system32\MSASN1.dll
0x00000000600d0000 - 0x0000000060113000 	C:\Program Files\Java\jdk1.8.0_111\jre\bin\glass.dll
0x00007ffa97cc0000 - 0x00007ffa97d76000 	C:\WINDOWS\system32\COMDLG32.dll
0x00007ffa97780000 - 0x00007ffa97846000 	C:\WINDOWS\system32\OLEAUT32.dll
0x00007ffa94180000 - 0x00007ffa9418b000 	C:\WINDOWS\SYSTEM32\kernel.appcore.dll
0x00007ffa953f0000 - 0x00007ffa953fb000 	C:\WINDOWS\SYSTEM32\CRYPTBASE.dll
0x00007ffa95380000 - 0x00007ffa953e3000 	C:\WINDOWS\SYSTEM32\bcryptPrimitives.dll
0x00007ffa94b20000 - 0x00007ffa94b66000 	C:\WINDOWS\system32\powrprof.dll
0x00000000600b0000 - 0x00000000600c4000 	C:\Program Files\Java\jdk1.8.0_111\jre\bin\javafx_font.dll
0x00007ffa91b90000 - 0x00007ffa91d7a000 	C:\WINDOWS\SYSTEM32\dwrite.dll
0x00007ffa97150000 - 0x00007ffa97206000 	C:\WINDOWS\SYSTEM32\clbcatq.dll
0x00007ffa91d80000 - 0x00007ffa91f2e000 	C:\WINDOWS\SYSTEM32\WindowsCodecs.dll
0x00007ffa94e10000 - 0x00007ffa94e30000 	C:\WINDOWS\SYSTEM32\CRYPTSP.dll
0x00007ffa949e0000 - 0x00007ffa94a16000 	C:\WINDOWS\system32\rsaenh.dll
0x00007ffa95060000 - 0x00007ffa95086000 	C:\WINDOWS\SYSTEM32\bcrypt.dll
0x00007ffa73a50000 - 0x00007ffa73a7e000 	C:\Program Files\Common Files\Microsoft Shared\Ink\rtscom.dll
0x0000000060090000 - 0x00000000600a1000 	C:\Program Files\Java\jdk1.8.0_111\jre\bin\prism_common.dll
0x0000000060990000 - 0x00000000609aa000 	C:\Program Files\Java\jdk1.8.0_111\jre\bin\net.dll
0x00007ffa94bb0000 - 0x00007ffa94c54000 	C:\WINDOWS\SYSTEM32\DNSAPI.dll
0x0000000063540000 - 0x0000000063566000 	C:\Program Files\Bonjour\mdnsNSP.dll
0x00007ffa8fab0000 - 0x00007ffa8fada000 	C:\WINDOWS\SYSTEM32\Iphlpapi.DLL
0x00007ffa8fa90000 - 0x00007ffa8fa9a000 	C:\WINDOWS\SYSTEM32\WINNSI.DLL
0x00007ffa7e450000 - 0x00007ffa7e45a000 	C:\Windows\System32\rasadhlp.dll
0x00007ffa8f670000 - 0x00007ffa8f6db000 	C:\WINDOWS\System32\fwpuclnt.dll
0x00007ffa8f600000 - 0x00007ffa8f616000 	C:\WINDOWS\SYSTEM32\dhcpcsvc6.DLL
0x00007ffa8f750000 - 0x00007ffa8f76a000 	C:\WINDOWS\SYSTEM32\dhcpcsvc.DLL
0x0000000060860000 - 0x0000000060871000 	C:\Program Files\Java\jdk1.8.0_111\jre\bin\nio.dll

VM Arguments:
jvm_args: -agentlib:jdwp=transport=dt_socket,address=127.0.0.1:60197,suspend=y,server=n -javaagent:C:\Users\yasin\.IntelliJIdea2017.3\system\captureAgent\debugger-agent.jar=C:\Users\yasin\AppData\Local\Temp\capture2302.props -Dfile.encoding=UTF-8 
java_command: sample.Main
java_class_path (initial): C:\Program Files\Java\jdk1.8.0_111\jre\lib\charsets.jar;C:\Program Files\Java\jdk1.8.0_111\jre\lib\deploy.jar;C:\Program Files\Java\jdk1.8.0_111\jre\lib\ext\access-bridge-64.jar;C:\Program Files\Java\jdk1.8.0_111\jre\lib\ext\cldrdata.jar;C:\Program Files\Java\jdk1.8.0_111\jre\lib\ext\dnsns.jar;C:\Program Files\Java\jdk1.8.0_111\jre\lib\ext\jaccess.jar;C:\Program Files\Java\jdk1.8.0_111\jre\lib\ext\jfxrt.jar;C:\Program Files\Java\jdk1.8.0_111\jre\lib\ext\localedata.jar;C:\Program Files\Java\jdk1.8.0_111\jre\lib\ext\nashorn.jar;C:\Program Files\Java\jdk1.8.0_111\jre\lib\ext\sunec.jar;C:\Program Files\Java\jdk1.8.0_111\jre\lib\ext\sunjce_provider.jar;C:\Program Files\Java\jdk1.8.0_111\jre\lib\ext\sunmscapi.jar;C:\Program Files\Java\jdk1.8.0_111\jre\lib\ext\sunpkcs11.jar;C:\Program Files\Java\jdk1.8.0_111\jre\lib\ext\zipfs.jar;C:\Program Files\Java\jdk1.8.0_111\jre\lib\javaws.jar;C:\Program Files\Java\jdk1.8.0_111\jre\lib\jce.jar;C:\Program Files\Java\jdk1.8.0_111\jre\lib\jfr.jar;C:\Program Files\Java\jdk1.8.0_111\jre\lib\jfxswt.jar;C:\Program Files\Java\jdk1.8.0_111\jre\lib\jsse.jar;C:\Program Files\Java\jdk1.8.0_111\jre\lib\management-agent.jar;C:\Program Files\Java\jdk1.8.0_111\jre\lib\plugin.jar;C:\Program Files\Java\jdk1.8.0_111\jre\lib\resources.jar;C:\Program Files\Java\jdk1.8.0_111\jre\lib\rt.jar;C:\Users\yasin\Downloads\javafx\first\target\classes;C:\Users\yasin\Downloads\javafx\first\arduino.jar;C:\Users\yasin\Downloads\javafx\first\jSerialComm-1.3.11.jar;C:\Users\yasin\.m2\repository\org\hibernate\hibernate-core\4.3.11.Final\hibernate-core-4.3.11.Final.jar;C:\Users\yasin\.m2\repository\org\jboss\logging\jboss-logging\3.1.3.GA\jboss-logging-3.1.3.GA.jar;C:\Users\yasin\.m2\repository\org\jboss\logging\jboss-logging-annotations\1.2.0.Beta1\jboss-logging-annotations-1.2.0.Beta1.jar;C:\Users\yasin\.m2\repository\org\jboss\spec\javax\transaction\jboss-transaction-api_1.2_spec\1.0.0.Final\jboss-transaction-api_1.2_spec-1.0.0.Final.jar;C:
Launcher Type: SUN_STANDARD

Environment Variables:
PATH=C:\Program Files (x86)\Kingston SSD Toolbox;C:\app\misafir\product\11.2.0\dbhome_2\bin;C:\app\misafir\product\11.2.0\dbhome_1\bin;C:\ProgramData\Oracle\Java\javapath;c:\MinGW\bin;C:\Program Files\Microsoft SQL Server\130\Tools\Binn\;C:\Program Files (x86)\Skype\Phone\;C:\Program Files\PuTTY\;C:\Program Files\Git\cmd;C:\Program Files (x86)\Microsoft SQL Server\130\Tools\Binn\;C:\Program Files (x86)\Microsoft SQL Server\130\DTS\Binn\;C:\Program Files\Microsoft SQL Server\130\DTS\Binn\;C:\Program Files\Microsoft SQL Server\Client SDK\ODBC\130\Tools\Binn\;C:\Program Files (x86)\Microsoft SQL Server\Client SDK\ODBC\130\Tools\Binn\;C:\Program Files (x86)\Microsoft SQL Server\140\Tools\Binn\;C:\Program Files (x86)\Microsoft SQL Server\140\DTS\Binn\;C:\Program Files (x86)\Microsoft SQL Server\140\Tools\Binn\ManagementStudio\;C:\ProgramData\Oracle\Java\javapath;C:\Program Files (x86)\NVIDIA Corporation\PhysX\Common;C:\Program Files (x86)\Intel\iCLS Client\;C:\Program Files\Intel\iCLS Client\;C:\WINDOWS\system32;C:\WINDOWS;C:\WINDOWS\System32\Wbem;C:\WINDOWS\System32\WindowsPowerShell\v1.0\;C:\Program Files\Intel\Intel(R) Management Engine Components\DAL;C:\Program Files\Intel\Intel(R) Management Engine Components\IPT;C:\Program Files (x86)\Intel\Intel(R) Management Engine Components\DAL;C:\Program Files (x86)\Intel\Intel(R) Management Engine Components\IPT;C:\Program Files (x86)\Windows Live\Shared;C;\MinGW\bin
USERNAME=yasin
LD_LIBRARY_PATH=C:\Program Files (x86)\Kingston SSD Toolbox
OS=Windows_NT
PROCESSOR_IDENTIFIER=Intel64 Family 6 Model 58 Stepping 9, GenuineIntel



---------------  S Y S T E M  ---------------

OS: Windows 8.1 , 64 bit Build 9600 (6.3.9600.17415)

CPU:total 8 (4 cores per cpu, 2 threads per core) family 6 model 58 stepping 9, cmov, cx8, fxsr, mmx, sse, sse2, sse3, ssse3, sse4.1, sse4.2, popcnt, avx, clmul, erms, ht, tsc, tscinvbit, tscinv

Memory: 4k page, physical 6148976k(929348k free), swap 9294704k(5044k free)

vm_info: Java HotSpot(TM) 64-Bit Server VM (25.111-b14) for windows-amd64 JRE (1.8.0_111-b14), built on Sep 22 2016 19:24:05 by "java_re" with MS VC++ 10.0 (VS2010)

time: Sun Jun 03 06:23:21 2018
elapsed time: 44 seconds (0d 0h 0m 44s)

